<?xml version="1.0" encoding="UTF-8"?>
<testsuite xmlns:xsi="http://www.w3.org/2001/XMLSchema-instance" xsi:noNamespaceSchemaLocation="https://maven.apache.org/surefire/maven-surefire-plugin/xsd/surefire-test-report.xsd" name="JUnit_Tests.Testfall1" time="0.122" tests="23" errors="0" skipped="0" failures="0">
  <properties>
    <property name="java.specification.version" value="16"/>
    <property name="sun.cpu.isalist" value="amd64"/>
    <property name="sun.jnu.encoding" value="Cp1252"/>
    <property name="java.class.path" value="C:\Users\mherizi\IdeaProjects\Team2-Marius-\target\test-classes;C:\Users\mherizi\IdeaProjects\Team2-Marius-\target\classes;C:\Users\mherizi\.m2\repository\junit\junit\4.11\junit-4.11.jar;C:\Users\mherizi\.m2\repository\org\hamcrest\hamcrest-core\1.3\hamcrest-core-1.3.jar;C:\Users\mherizi\.m2\repository\javax\servlet\javax.servlet-api\4.0.1\javax.servlet-api-4.0.1.jar;C:\Users\mherizi\.m2\repository\javax\servlet\jsp\javax.servlet.jsp-api\2.3.1\javax.servlet.jsp-api-2.3.1.jar;"/>
    <property name="java.vm.vendor" value="Oracle Corporation"/>
    <property name="sun.arch.data.model" value="64"/>
    <property name="user.variant" value=""/>
    <property name="java.vendor.url" value="https://java.oracle.com/"/>
    <property name="user.timezone" value="Europe/Berlin"/>
    <property name="user.country.format" value="DE"/>
    <property name="os.name" value="Windows 10"/>
    <property name="java.vm.specification.version" value="16"/>
    <property name="sun.java.launcher" value="SUN_STANDARD"/>
    <property name="user.country" value="US"/>
    <property name="sun.boot.library.path" value="C:\Program Files\Java\jdk-16\bin"/>
    <property name="sun.java.command" value="C:\Users\mherizi\AppData\Local\Temp\surefire11316070082226861799\surefirebooter18305607176629278154.jar C:\Users\mherizi\AppData\Local\Temp\surefire11316070082226861799 2022-03-30T17-27-22_457-jvmRun1 surefire10930202323894385986tmp surefire_09339813939241033324tmp"/>
    <property name="jdk.debug" value="release"/>
    <property name="surefire.test.class.path" value="C:\Users\mherizi\IdeaProjects\Team2-Marius-\target\test-classes;C:\Users\mherizi\IdeaProjects\Team2-Marius-\target\classes;C:\Users\mherizi\.m2\repository\junit\junit\4.11\junit-4.11.jar;C:\Users\mherizi\.m2\repository\org\hamcrest\hamcrest-core\1.3\hamcrest-core-1.3.jar;C:\Users\mherizi\.m2\repository\javax\servlet\javax.servlet-api\4.0.1\javax.servlet-api-4.0.1.jar;C:\Users\mherizi\.m2\repository\javax\servlet\jsp\javax.servlet.jsp-api\2.3.1\javax.servlet.jsp-api-2.3.1.jar;"/>
    <property name="sun.cpu.endian" value="little"/>
    <property name="user.home" value="C:\Users\mherizi"/>
    <property name="user.language" value="en"/>
    <property name="java.specification.vendor" value="Oracle Corporation"/>
    <property name="java.version.date" value="2021-03-16"/>
    <property name="java.home" value="C:\Program Files\Java\jdk-16"/>
    <property name="file.separator" value="\"/>
    <property name="basedir" value="C:\Users\mherizi\IdeaProjects\Team2-Marius-"/>
    <property name="java.vm.compressedOopsMode" value="32-bit"/>
    <property name="line.separator" value="&#10;"/>
    <property name="java.vm.specification.vendor" value="Oracle Corporation"/>
    <property name="java.specification.name" value="Java Platform API Specification"/>
    <property name="surefire.real.class.path" value="C:\Users\mherizi\AppData\Local\Temp\surefire11316070082226861799\surefirebooter18305607176629278154.jar"/>
    <property name="user.script" value=""/>
    <property name="sun.management.compiler" value="HotSpot 64-Bit Tiered Compilers"/>
    <property name="java.runtime.version" value="16+36-2231"/>
    <property name="user.name" value="mherizi"/>
    <property name="path.separator" value=";"/>
    <property name="os.version" value="10.0"/>
    <property name="java.runtime.name" value="Java(TM) SE Runtime Environment"/>
    <property name="file.encoding" value="Cp1252"/>
    <property name="java.vm.name" value="Java HotSpot(TM) 64-Bit Server VM"/>
    <property name="localRepository" value="C:\Users\mherizi\.m2\repository"/>
    <property name="java.vendor.url.bug" value="https://bugreport.java.com/bugreport/"/>
    <property name="java.io.tmpdir" value="C:\Users\mherizi\AppData\Local\Temp\"/>
    <property name="idea.version" value="2021.3.2"/>
    <property name="java.version" value="16"/>
    <property name="user.dir" value="C:\Users\mherizi\IdeaProjects\Team2-Marius-"/>
    <property name="os.arch" value="amd64"/>
    <property name="java.vm.specification.name" value="Java Virtual Machine Specification"/>
    <property name="user.language.format" value="de"/>
    <property name="sun.os.patch.level" value=""/>
    <property name="java.library.path" value="C:\Program Files\Java\jdk-16\bin;C:\WINDOWS\Sun\Java\bin;C:\WINDOWS\system32;C:\WINDOWS;C:\Program Files\Common Files\Oracle\Java\javapath;C:\WINDOWS\system32;C:\WINDOWS;C:\WINDOWS\System32\Wbem;C:\WINDOWS\System32\WindowsPowerShell\v1.0\;C:\WINDOWS\System32\OpenSSH\;&quot;C:\Program Files\Java\jdk-16\bin;&quot;;C:\Program Files\Git\cmd;C:\Users\mherizi\AppData\Local\Programs\Python\Python310\Scripts\;C:\Users\mherizi\AppData\Local\Programs\Python\Python310\;C:\Users\mherizi\AppData\Local\Microsoft\WindowsApps;C:\Users\mherizi\AppData\Local\GitHubDesktop\bin;."/>
    <property name="java.vm.info" value="mixed mode, sharing"/>
    <property name="java.vendor" value="Oracle Corporation"/>
    <property name="java.vm.version" value="16+36-2231"/>
    <property name="sun.io.unicode.encoding" value="UnicodeLittle"/>
    <property name="java.class.version" value="60.0"/>
  </properties>
  <testcase name="GrenzwertAequiTest10" classname="JUnit_Tests.Testfall1" time="0.01"/>
  <testcase name="GrenzwertTest1" classname="JUnit_Tests.Testfall1" time="0"/>
  <testcase name="GrenzwertTest2" classname="JUnit_Tests.Testfall1" time="0.001"/>
  <testcase name="GrenzwertTest3" classname="JUnit_Tests.Testfall1" time="0.001"/>
  <testcase name="GrenzwertTest4" classname="JUnit_Tests.Testfall1" time="0.001"/>
  <testcase name="GrenzwertTest5" classname="JUnit_Tests.Testfall1" time="0.002"/>
  <testcase name="GrenzwertTest6" classname="JUnit_Tests.Testfall1" time="0.001"/>
  <testcase name="GrenzwertAequiTestFalschesFormat" classname="JUnit_Tests.Testfall1" time="0"/>
  <testcase name="GrenzwertAequiTestKeineEIngabe" classname="JUnit_Tests.Testfall1" time="0"/>
  <testcase name="GrenzwertAequiTestNegativeZahl" classname="JUnit_Tests.Testfall1" time="0.002"/>
  <testcase name="GrenzwertAequiTest1" classname="JUnit_Tests.Testfall1" time="0"/>
  <testcase name="GrenzwertAequiTest2" classname="JUnit_Tests.Testfall1" time="0.001"/>
  <testcase name="GrenzwertAequiTest3" classname="JUnit_Tests.Testfall1" time="0"/>
  <testcase name="GrenzwertAequiTest4" classname="JUnit_Tests.Testfall1" time="0.001"/>
  <testcase name="GrenzwertAequiTest5" classname="JUnit_Tests.Testfall1" time="0.005"/>
  <testcase name="GrenzwertAequiTest6" classname="JUnit_Tests.Testfall1" time="0"/>
  <testcase name="GrenzwertAequiTest7" classname="JUnit_Tests.Testfall1" time="0"/>
  <testcase name="GrenzwertAequiTest8" classname="JUnit_Tests.Testfall1" time="0.002"/>
  <testcase name="GrenzwertAequiTest9" classname="JUnit_Tests.Testfall1" time="0.001"/>
  <testcase name="AeqiuvalenzklassenTest1" classname="JUnit_Tests.Testfall1" time="0"/>
  <testcase name="AeqiuvalenzklassenTest2" classname="JUnit_Tests.Testfall1" time="0.001"/>
  <testcase name="AeqiuvalenzklassenTest3" classname="JUnit_Tests.Testfall1" time="0"/>
  <testcase name="AeqiuvalenzklassenTest4" classname="JUnit_Tests.Testfall1" time="0.002"/>
</testsuite>